d:\c&c++_code\downloadtools\downloadtools\release\downloadtools.pch
d:\c&c++_code\downloadtools\downloadtools\release\vc142.pdb
d:\c&c++_code\downloadtools\downloadtools\release\pch.obj
d:\c&c++_code\downloadtools\downloadtools\release\downloadtoolsdlg.obj
d:\c&c++_code\downloadtools\downloadtools\release\downloadtools.obj
d:\c&c++_code\downloadtools\downloadtools\release\cinifileedit.obj
d:\c&c++_code\downloadtools\release\downloadtools.exe
d:\c&c++_code\downloadtools\downloadtools\release\downloadtools.ipdb
d:\c&c++_code\downloadtools\downloadtools\release\downloadtools.iobj
d:\c&c++_code\downloadtools\release\downloadtools.pdb
d:\c&c++_code\downloadtools\downloadtools\release\downloadtools.res
d:\c&c++_code\downloadtools\downloadtools\release\downloadtools.tlog\cl.command.1.tlog
d:\c&c++_code\downloadtools\downloadtools\release\downloadtools.tlog\cl.read.1.tlog
d:\c&c++_code\downloadtools\downloadtools\release\downloadtools.tlog\cl.write.1.tlog
d:\c&c++_code\downloadtools\downloadtools\release\downloadtools.tlog\link.command.1.tlog
d:\c&c++_code\downloadtools\downloadtools\release\downloadtools.tlog\link.read.1.tlog
d:\c&c++_code\downloadtools\downloadtools\release\downloadtools.tlog\link.write.1.tlog
d:\c&c++_code\downloadtools\downloadtools\release\downloadtools.tlog\rc.command.1.tlog
d:\c&c++_code\downloadtools\downloadtools\release\downloadtools.tlog\rc.read.1.tlog
d:\c&c++_code\downloadtools\downloadtools\release\downloadtools.tlog\rc.write.1.tlog
