d:\c&c++_code\downloadtools\downloadtools\debug\downloadtools.pch
d:\c&c++_code\downloadtools\downloadtools\debug\vc142.pdb
d:\c&c++_code\downloadtools\downloadtools\debug\vc142.idb
d:\c&c++_code\downloadtools\downloadtools\debug\pch.obj
d:\c&c++_code\downloadtools\downloadtools\debug\downloadtoolsdlg.obj
d:\c&c++_code\downloadtools\downloadtools\debug\downloadtools.obj
d:\c&c++_code\downloadtools\downloadtools\debug\cinifileedit.obj
d:\c&c++_code\downloadtools\debug\downloadtools.exe
d:\c&c++_code\downloadtools\downloadtools\debug\downloadtools.ilk
d:\c&c++_code\downloadtools\debug\downloadtools.pdb
d:\c&c++_code\downloadtools\downloadtools\debug\downloadtools.res
d:\c&c++_code\downloadtools\downloadtools\debug\downloadtools.tlog\cl.command.1.tlog
d:\c&c++_code\downloadtools\downloadtools\debug\downloadtools.tlog\cl.read.1.tlog
d:\c&c++_code\downloadtools\downloadtools\debug\downloadtools.tlog\cl.write.1.tlog
d:\c&c++_code\downloadtools\downloadtools\debug\downloadtools.tlog\link.command.1.tlog
d:\c&c++_code\downloadtools\downloadtools\debug\downloadtools.tlog\link.read.1.tlog
d:\c&c++_code\downloadtools\downloadtools\debug\downloadtools.tlog\link.write.1.tlog
d:\c&c++_code\downloadtools\downloadtools\debug\downloadtools.tlog\rc.command.1.tlog
d:\c&c++_code\downloadtools\downloadtools\debug\downloadtools.tlog\rc.read.1.tlog
d:\c&c++_code\downloadtools\downloadtools\debug\downloadtools.tlog\rc.write.1.tlog
